Daemon started at 23:57:2 with pid 21225
To kill this process type "kill 21225" at the head node command line
submit_fslprestats2.py:177: DeprecationWarning: os.popen2 is deprecated.  Use the subprocess module.
  dummy, f = os.popen2(cmd)
Daemon has been running for 0.00145256638527 hours
Daemon has been running for 0.002859033876 hours
Daemon has been running for 0.00427324169212 hours
Daemon has been running for 0.00568902028932 hours
Daemon has been running for 0.00709510558181 hours
Daemon has been running for 0.00850207719538 hours
Daemon has been running for 0.00990971750683 hours
Daemon has been running for 0.0113166308403 hours
Daemon has been running for 0.0127227130863 hours
Daemon has been running for 0.0141294933028 hours
Daemon has been running for 0.0155353191826 hours
Daemon has been running for 0.0169415324926 hours
Daemon has been running for 0.0183493183057 hours
Daemon has been running for 0.0197552441888 hours
Daemon has been running for 0.0211620675193 hours
Daemon has been running for 0.0225730922487 hours
Daemon has been running for 0.0239795527856 hours
Daemon has been running for 0.025386693875 hours
Daemon has been running for 0.0267929672533 hours
Daemon has been running for 0.0281994527578 hours
Daemon has been running for 0.0296048635907 hours
Daemon has been running for 0.0310134422117 hours
Daemon has been running for 0.0324203658104 hours
Daemon has been running for 0.0338276627991 hours
Daemon has been running for 0.0352356702752 hours
Daemon has been running for 0.0366458800104 hours
Daemon has been running for 0.0380522047149 hours
Daemon has been running for 0.0394586255815 hours
Daemon has been running for 0.0659754358398 hours
Daemon has been running for 0.125856283307 hours
Daemon has been running for 0.12726433999 hours
Daemon has been running for 0.137025479476 hours
Daemon has been running for 0.16349422276 hours
Daemon has been running for 0.198334885306 hours
Daemon has been running for 0.208095408082 hours
Daemon has been running for 0.234562240309 hours
Daemon has been running for 0.244324331416 hours
Daemon has been running for 0.254086368084 hours
Daemon has been running for 0.255492991143 hours
Daemon has been running for 0.265255212784 hours
Daemon has been running for 0.283390743335 hours
Daemon has been running for 0.326625463035 hours
Daemon has been running for 0.353093034691 hours
Daemon has been running for 0.387911970284 hours
Daemon has been running for 0.389316747785 hours
Daemon has been running for 0.390723547803 hours
Daemon has been running for 0.400481414994 hours
Daemon has been running for 0.401885931955 hours
Daemon has been running for 0.419996495843 hours
Daemon has been running for 0.438108412491 hours
Daemon has been running for 0.439513209992 hours
Daemon has been running for 0.457787487772 hours
Daemon has been running for 0.559437303079 hours
Daemon has been running for 0.560848141975 hours
Daemon has been running for 0.562254541649 hours
Daemon has been running for 0.563659609755 hours
Daemon has been running for 0.631896211372 hours
Daemon has been running for 0.650015439987 hours
Daemon has been running for 0.651420542532 hours
Daemon has been running for 0.66128220333 hours
Daemon has been running for 0.679406848616 hours
Daemon has been running for 0.689164601697 hours
Daemon has been running for 0.86971200943 hours
Daemon has been running for 0.887824249731 hours
Daemon has been running for 0.930995949176 hours
Daemon has been running for 0.957458695571 hours
Daemon has been running for 1.05074881448 hours
Daemon has been running for 1.06050811999 hours
Daemon has been running for 1.1203846403 hours
Daemon has been running for 1.15521554278 hours
Daemon has been running for 1.20673788667 hours
Daemon has been running for 1.21649507999 hours
Daemon has been running for 1.36830625971 hours
Daemon has been running for 1.37806307945 hours
Daemon has been running for 1.37946689308 hours
Daemon has been running for 1.39763295472 hours
Daemon has been running for 1.47422846946 hours
Daemon has been running for 1.4756323164 hours
Daemon has been running for 1.52715880692 hours
Daemon has been running for 1.52856497639 hours
Daemon has been running for 1.5633981667 hours
Daemon has been running for 1.57315462165 hours
Daemon has been running for 1.6079702672 hours
Daemon has been running for 1.63443177892 hours
Daemon has been running for 1.6525744911 hours
Daemon has been running for 1.9130202753 hours
Daemon has been running for 1.94787879725 hours
Daemon has been running for 2.14148469336 hours
Daemon has been running for 2.17630880137 hours
Daemon has been running for 2.186064935 hours
Daemon has been running for 2.20417738749 hours
Daemon has been running for 2.25570066386 hours
Daemon has been running for 2.28217184888 hours
Daemon has been running for 2.34338210503 hours
Daemon has been running for 2.39491554499 hours
Daemon has been running for 2.46315083888 hours
Daemon has been running for 2.48127117554 hours
Daemon has been running for 2.49102918446 hours
Daemon has been running for 2.55925450358 hours
Daemon has been running for 2.5773636914 hours
Daemon has been running for 2.60382515113 hours
Daemon has been running for 2.72216940085 hours
Daemon has been running for 2.74863041997 hours
Daemon has been running for 2.76673939804 hours
Daemon has been running for 2.80155275749 hours
Daemon has been running for 2.83637319472 hours
Daemon has been running for 2.87954035666 hours
Daemon has been running for 2.95616029335 hours
Daemon has been running for 2.98263956832 hours
Daemon has been running for 3.01745439642 hours
Daemon has been running for 3.01885954863 hours
Daemon has been running for 3.02862129609 hours
Daemon has been running for 3.08015975555 hours
Daemon has been running for 3.1066225542 hours
Daemon has been running for 3.12473266999 hours
Daemon has been running for 3.22639101055 hours
Daemon has been running for 3.36980364389 hours
Daemon has been running for 3.4046192997 hours
Daemon has been running for 3.43108030915 hours
Daemon has been running for 3.44083916942 hours
Daemon has been running for 3.4422427947 hours
Daemon has been running for 3.47706321975 hours
Daemon has been running for 3.47846693999 hours
Daemon has been running for 3.52163530058 hours
Daemon has been running for 3.5397492922 hours
Daemon has been running for 3.58293176247 hours
Daemon has been running for 3.58433789028 hours
Daemon has been running for 3.61915280753 hours
Daemon has been running for 3.68741535637 hours
Daemon has been running for 3.70552511387 hours
Daemon has been running for 3.77376535886 hours
Daemon has been running for 3.77516903473 hours
Daemon has been running for 3.80998808278 hours
Daemon has been running for 3.81140091585 hours
Daemon has been running for 3.82116094775 hours
Daemon has been running for 3.84761881193 hours
Daemon has been running for 3.87408454776 hours
Daemon has been running for 3.89220655031 hours
Daemon has been running for 3.91031569918 hours
Daemon has been running for 3.92007200864 hours
Daemon has been running for 3.92147542417 hours
Daemon has been running for 3.94795246972 hours
Daemon has been running for 3.96606195807 hours
Daemon has been running for 4.00922995389 hours
Daemon has been running for 4.0297316936 hours
Daemon has been running for 4.04079111914 hours
Daemon has been running for 4.06725253721 hours
Daemon has been running for 4.09372340249 hours
Daemon has been running for 4.11183276249 hours
Daemon has been running for 4.11323802941 hours
Daemon has been running for 4.1146442267 hours
Daemon has been running for 4.14110701753 hours
Daemon has been running for 4.14251086639 hours
Daemon has been running for 4.18567719003 hours
Daemon has been running for 4.18708044277 hours
Daemon has been running for 4.18848407275 hours
Daemon has been running for 4.24836596138 hours
Daemon has been running for 4.25818250193 hours
Daemon has been running for 4.25958629641 hours
Daemon has been running for 4.27769641525 hours
Daemon has been running for 4.32923539499 hours
Daemon has been running for 4.33064222581 hours
Daemon has been running for 4.34040872249 hours
Daemon has been running for 4.35853102247 hours
Daemon has been running for 4.39335146639 hours
Daemon has been running for 4.41146517085 hours
Daemon has been running for 4.42122959084 hours
Daemon has been running for 4.42263542361 hours
Daemon has been running for 4.44075807975 hours
Daemon has been running for 4.5173755861 hours
Daemon has been running for 4.51878266335 hours
Daemon has been running for 4.52855077055 hours
Daemon has been running for 4.5550216439 hours
Daemon has been running for 4.56478799999 hours
Daemon has been running for 4.57454633719 hours
Daemon has been running for 4.60938961638 hours
Daemon has been running for 4.61079597447 hours
Daemon has been running for 4.6122016014 hours
Daemon has been running for 4.67209976693 hours
Daemon has been running for 4.6818967547 hours
Daemon has been running for 4.70837410887 hours
Daemon has been running for 4.74322251976 hours
Daemon has been running for 4.75298347281 hours
Daemon has been running for 4.77945212642 hours
Daemon has been running for 4.80592540165 hours
Daemon has been running for 4.89087669114 hours
Daemon has been running for 4.92570732362 hours
Daemon has been running for 4.96055064387 hours
Daemon has been running for 4.98702358193 hours
Daemon has been running for 5.04693324169 hours
Daemon has been running for 5.10683351331 hours
Daemon has been running for 5.11661138058 hours
Daemon has been running for 5.17651140802 hours
Daemon has been running for 5.19463030332 hours
Daemon has been running for 5.20439128776 hours
Daemon has been running for 5.20580547359 hours
Daemon has been running for 5.23227862444 hours
Daemon has been running for 5.23368699306 hours
Daemon has been running for 5.2685214036 hours
Daemon has been running for 5.33677944859 hours
Daemon has been running for 5.34653925253 hours
Daemon has been running for 5.3479473822 hours
Daemon has been running for 5.43290253944 hours
Daemon has been running for 5.46774156696 hours
Daemon has been running for 5.47751532111 hours
Daemon has been running for 5.48728329526 hours
Daemon has been running for 5.53050248113 hours
Daemon has been running for 5.54026757585 hours
Daemon has been running for 5.58344872475 hours
Daemon has been running for 5.59320835498 hours
